This is pdfTeX, Version 3.141592653-2.6-1.40.24 (MiKTeX 22.12) (preloaded format=pdflatex 2023.1.16)  9 JUN 2023 13:55
entering extended mode
 restricted \write18 enabled.
 %&-line parsing enabled.
**./cookbook.tex
(cookbook.tex
LaTeX2e <2022-11-01> patch level 1
L3 programming layer <2022-12-17>
(C:\Users\Marty\AppData\Local\Programs\MiKTeX\tex/latex/elsarticle\elsarticle.c
ls
Document Class: elsarticle 2020/11/20, 3.3: Elsevier Ltd
(C:\Users\Marty\AppData\Local\Programs\MiKTeX\tex/latex/l3kernel\expl3.sty
Package: expl3 2022-12-17 L3 programming layer (loader) 

(C:\Users\Marty\AppData\Local\Programs\MiKTeX\tex/latex/l3backend\l3backend-pdf
tex.def
File: l3backend-pdftex.def 2022-10-26 L3 backend support: PDF output (pdfTeX)
\l__color_backend_stack_int=\count185
\l__pdf_internal_box=\box51
))
(C:\Users\Marty\AppData\Local\Programs\MiKTeX\tex/latex/l3packages/xparse\xpars
e.sty
Package: xparse 2022-12-17 L3 Experimental document command parser
) (C:\Users\Marty\AppData\Local\Programs\MiKTeX\tex/latex/etoolbox\etoolbox.sty
Package: etoolbox 2020/10/05 v2.5k e-TeX tools for LaTeX (JAW)
\etb@tempcnta=\count186
)
\@bls=\dimen140
(C:\Users\Marty\AppData\Local\Programs\MiKTeX\tex/latex/base\article.cls
Document Class: article 2022/07/02 v1.4n Standard LaTeX document class
(C:\Users\Marty\AppData\Local\Programs\MiKTeX\tex/latex/base\size10.clo
File: size10.clo 2022/07/02 v1.4n Standard LaTeX file (size option)
)
\c@part=\count187
\c@section=\count188
\c@subsection=\count189
\c@subsubsection=\count190
\c@paragraph=\count191
\c@subparagraph=\count192
\c@figure=\count193
\c@table=\count194
\abovecaptionskip=\skip48
\belowcaptionskip=\skip49
\bibindent=\dimen141
) (C:\Users\Marty\AppData\Local\Programs\MiKTeX\tex/latex/graphics\graphicx.sty
Package: graphicx 2021/09/16 v1.2d Enhanced LaTeX Graphics (DPC,SPQR)
(C:\Users\Marty\AppData\Local\Programs\MiKTeX\tex/latex/graphics\keyval.sty
Package: keyval 2022/05/29 v1.15 key=value parser (DPC)
\KV@toks@=\toks16
) (C:\Users\Marty\AppData\Local\Programs\MiKTeX\tex/latex/graphics\graphics.sty
Package: graphics 2022/03/10 v1.4e Standard LaTeX Graphics (DPC,SPQR)
(C:\Users\Marty\AppData\Local\Programs\MiKTeX\tex/latex/graphics\trig.sty
Package: trig 2021/08/11 v1.11 sin cos tan (DPC)
)
(C:\Users\Marty\AppData\Local\Programs\MiKTeX\tex/latex/graphics-cfg\graphics.c
fg
File: graphics.cfg 2016/06/04 v1.11 sample graphics configuration
)
Package graphics Info: Driver file: pdftex.def on input line 107.

(C:\Users\Marty\AppData\Local\Programs\MiKTeX\tex/latex/graphics-def\pdftex.def
File: pdftex.def 2022/09/22 v1.2b Graphics/color driver for pdftex
))
\Gin@req@height=\dimen142
\Gin@req@width=\dimen143
)
\c@tnote=\count195
\c@fnote=\count196
\c@cnote=\count197
\c@ead=\count198
\c@author=\count199
\@eadauthor=\toks17
\c@affn=\count266
\absbox=\box52
\elsarticlehighlightsbox=\box53
\elsarticlegrabsbox=\box54
\keybox=\box55
\Columnwidth=\dimen144
\space@left=\dimen145
\els@boxa=\box56
\els@boxb=\box57
\leftMargin=\dimen146
\@enLab=\toks18
\@sep=\skip50
\@@sep=\skip51
(cookbook.spl) (C:\Users\Marty\AppData\Local\Programs\MiKTeX\tex/latex/natbib\n
atbib.sty
Package: natbib 2010/09/13 8.31b (PWD, AO)
\bibhang=\skip52
\bibsep=\skip53
LaTeX Info: Redefining \cite on input line 694.
\c@NAT@ctr=\count267
)
\splwrite=\write3
\openout3 = `cookbook.spl'.

\appnamewidth=\dimen147
) (C:\Users\Marty\AppData\Local\Programs\MiKTeX\tex/latex/url\url.sty
\Urlmuskip=\muskip16
Package: url 2013/09/16  ver 3.4  Verb mode for urls, etc.
) (C:\Users\Marty\AppData\Local\Programs\MiKTeX\tex/latex/base\fontenc.sty
Package: fontenc 2021/04/29 v2.0v Standard LaTeX package
) (C:\Users\Marty\AppData\Local\Programs\MiKTeX\tex/latex/lm\lmodern.sty
Package: lmodern 2015/05/01 v1.6.1 Latin Modern Fonts
LaTeX Font Info:    Overwriting symbol font `operators' in version `normal'
(Font)                  OT1/cmr/m/n --> OT1/lmr/m/n on input line 22.
LaTeX Font Info:    Overwriting symbol font `letters' in version `normal'
(Font)                  OML/cmm/m/it --> OML/lmm/m/it on input line 23.
LaTeX Font Info:    Overwriting symbol font `symbols' in version `normal'
(Font)                  OMS/cmsy/m/n --> OMS/lmsy/m/n on input line 24.
LaTeX Font Info:    Overwriting symbol font `largesymbols' in version `normal'
(Font)                  OMX/cmex/m/n --> OMX/lmex/m/n on input line 25.
LaTeX Font Info:    Overwriting symbol font `operators' in version `bold'
(Font)                  OT1/cmr/bx/n --> OT1/lmr/bx/n on input line 26.
LaTeX Font Info:    Overwriting symbol font `letters' in version `bold'
(Font)                  OML/cmm/b/it --> OML/lmm/b/it on input line 27.
LaTeX Font Info:    Overwriting symbol font `symbols' in version `bold'
(Font)                  OMS/cmsy/b/n --> OMS/lmsy/b/n on input line 28.
LaTeX Font Info:    Overwriting symbol font `largesymbols' in version `bold'
(Font)                  OMX/cmex/m/n --> OMX/lmex/m/n on input line 29.
LaTeX Font Info:    Overwriting math alphabet `\mathbf' in version `normal'
(Font)                  OT1/cmr/bx/n --> OT1/lmr/bx/n on input line 31.
LaTeX Font Info:    Overwriting math alphabet `\mathsf' in version `normal'
(Font)                  OT1/cmss/m/n --> OT1/lmss/m/n on input line 32.
LaTeX Font Info:    Overwriting math alphabet `\mathit' in version `normal'
(Font)                  OT1/cmr/m/it --> OT1/lmr/m/it on input line 33.
LaTeX Font Info:    Overwriting math alphabet `\mathtt' in version `normal'
(Font)                  OT1/cmtt/m/n --> OT1/lmtt/m/n on input line 34.
LaTeX Font Info:    Overwriting math alphabet `\mathbf' in version `bold'
(Font)                  OT1/cmr/bx/n --> OT1/lmr/bx/n on input line 35.
LaTeX Font Info:    Overwriting math alphabet `\mathsf' in version `bold'
(Font)                  OT1/cmss/bx/n --> OT1/lmss/bx/n on input line 36.
LaTeX Font Info:    Overwriting math alphabet `\mathit' in version `bold'
(Font)                  OT1/cmr/bx/it --> OT1/lmr/bx/it on input line 37.
LaTeX Font Info:    Overwriting math alphabet `\mathtt' in version `bold'
(Font)                  OT1/cmtt/m/n --> OT1/lmtt/m/n on input line 38.
) (C:\Users\Marty\AppData\Local\Programs\MiKTeX\tex/latex/amsfonts\amssymb.sty
Package: amssymb 2013/01/14 v3.01 AMS font symbols
(C:\Users\Marty\AppData\Local\Programs\MiKTeX\tex/latex/amsfonts\amsfonts.sty
Package: amsfonts 2013/01/14 v3.01 Basic AMSFonts support
\@emptytoks=\toks19
\symAMSa=\mathgroup4
\symAMSb=\mathgroup5
LaTeX Font Info:    Redeclaring math symbol \hbar on input line 98.
LaTeX Font Info:    Overwriting math alphabet `\mathfrak' in version `bold'
(Font)                  U/euf/m/n --> U/euf/b/n on input line 106.
)) (C:\Users\Marty\AppData\Local\Programs\MiKTeX\tex/latex/amsmath\amsmath.sty
Package: amsmath 2022/04/08 v2.17n AMS math features
\@mathmargin=\skip54
For additional information on amsmath, use the `?' option.
(C:\Users\Marty\AppData\Local\Programs\MiKTeX\tex/latex/amsmath\amstext.sty
Package: amstext 2021/08/26 v2.01 AMS text
(C:\Users\Marty\AppData\Local\Programs\MiKTeX\tex/latex/amsmath\amsgen.sty
File: amsgen.sty 1999/11/30 v2.0 generic functions
\@emptytoks=\toks20
\ex@=\dimen148
)) (C:\Users\Marty\AppData\Local\Programs\MiKTeX\tex/latex/amsmath\amsbsy.sty
Package: amsbsy 1999/11/29 v1.2d Bold Symbols
\pmbraise@=\dimen149
) (C:\Users\Marty\AppData\Local\Programs\MiKTeX\tex/latex/amsmath\amsopn.sty
Package: amsopn 2022/04/08 v2.04 operator names
)
\inf@bad=\count268
LaTeX Info: Redefining \frac on input line 234.
\uproot@=\count269
\leftroot@=\count270
LaTeX Info: Redefining \overline on input line 399.
LaTeX Info: Redefining \colon on input line 410.
\classnum@=\count271
\DOTSCASE@=\count272
LaTeX Info: Redefining \ldots on input line 496.
LaTeX Info: Redefining \dots on input line 499.
LaTeX Info: Redefining \cdots on input line 620.
\Mathstrutbox@=\box58
\strutbox@=\box59
LaTeX Info: Redefining \big on input line 722.
LaTeX Info: Redefining \Big on input line 723.
LaTeX Info: Redefining \bigg on input line 724.
LaTeX Info: Redefining \Bigg on input line 725.
\big@size=\dimen150
LaTeX Font Info:    Redeclaring font encoding OML on input line 743.
LaTeX Font Info:    Redeclaring font encoding OMS on input line 744.
\macc@depth=\count273
LaTeX Info: Redefining \bmod on input line 905.
LaTeX Info: Redefining \pmod on input line 910.
LaTeX Info: Redefining \smash on input line 940.
LaTeX Info: Redefining \relbar on input line 970.
LaTeX Info: Redefining \Relbar on input line 971.
\c@MaxMatrixCols=\count274
\dotsspace@=\muskip17
\c@parentequation=\count275
\dspbrk@lvl=\count276
\tag@help=\toks21
\row@=\count277
\column@=\count278
\maxfields@=\count279
\andhelp@=\toks22
\eqnshift@=\dimen151
\alignsep@=\dimen152
\tagshift@=\dimen153
\tagwidth@=\dimen154
\totwidth@=\dimen155
\lineht@=\dimen156
\@envbody=\toks23
\multlinegap=\skip55
\multlinetaggap=\skip56
\mathdisplay@stack=\toks24
LaTeX Info: Redefining \[ on input line 2953.
LaTeX Info: Redefining \] on input line 2954.
) (C:\Users\Marty\AppData\Local\Programs\MiKTeX\tex/latex/lineno\lineno.sty
Package: lineno 2023/05/19 line numbers on paragraphs v5.2
\linenopenalty=\count280
\output=\toks25
\linenoprevgraf=\count281
\linenumbersep=\dimen157
\linenumberwidth=\dimen158
\c@linenumber=\count282
\c@pagewiselinenumber=\count283
\c@LN@truepage=\count284
\c@internallinenumber=\count285
\c@internallinenumbers=\count286
\quotelinenumbersep=\dimen159
\bframerule=\dimen160
\bframesep=\dimen161
\bframebox=\box60
\linenoamsmath@ams@eqpen=\count287
LaTeX Info: Redefining \\ on input line 3146.
) (C:\Users\Marty\AppData\Local\Programs\MiKTeX\tex/generic/iftex\ifxetex.sty
Package: ifxetex 2019/10/25 v0.7 ifxetex legacy package. Use iftex instead.
(C:\Users\Marty\AppData\Local\Programs\MiKTeX\tex/generic/iftex\iftex.sty
Package: iftex 2022/02/03 v1.0f TeX engine tests
)) (C:\Users\Marty\AppData\Local\Programs\MiKTeX\tex/generic/iftex\ifluatex.sty
Package: ifluatex 2019/10/25 v1.5 ifluatex legacy package. Use iftex instead.
) (C:\Users\Marty\AppData\Local\Programs\MiKTeX\tex/latex/base\fixltx2e.sty
Package: fixltx2e 2016/12/29 v2.1a fixes to LaTeX (obsolete)
Applying: [2015/01/01] Old fixltx2e package on input line 46.

Package fixltx2e Warning: fixltx2e is not required with releases after 2015
(fixltx2e)                All fixes are now in the LaTeX kernel.
(fixltx2e)                See the latexrelease package for details.

Already applied: [0000/00/00] Old fixltx2e package on input line 53.
) (C:\Users\Marty\AppData\Local\Programs\MiKTeX\tex/latex/upquote\upquote.sty
Package: upquote 2012/04/19 v1.3 upright-quote and grave-accent glyphs in verba
tim
(C:\Users\Marty\AppData\Local\Programs\MiKTeX\tex/latex/base\textcomp.sty
Package: textcomp 2020/02/02 v2.0n Standard LaTeX package
)) (C:\Users\Marty\AppData\Local\Programs\MiKTeX\tex/latex/base\inputenc.sty
Package: inputenc 2021/02/14 v1.3d Input encoding file
\inpenc@prehook=\toks26
\inpenc@posthook=\toks27
)
(C:\Users\Marty\AppData\Local\Programs\MiKTeX\tex/latex/microtype\microtype.sty
Package: microtype 2022/06/23 v3.0f Micro-typographical refinements (RS)
\MT@toks=\toks28
\MT@tempbox=\box61
\MT@count=\count288
LaTeX Info: Redefining \noprotrusionifhmode on input line 1045.
LaTeX Info: Redefining \leftprotrusion on input line 1046.
LaTeX Info: Redefining \rightprotrusion on input line 1056.
LaTeX Info: Redefining \textls on input line 1234.
\MT@outer@kern=\dimen162
LaTeX Info: Redefining \textmicrotypecontext on input line 1858.
\MT@listname@count=\count289

(C:\Users\Marty\AppData\Local\Programs\MiKTeX\tex/latex/microtype\microtype-pdf
tex.def
File: microtype-pdftex.def 2022/06/23 v3.0f Definitions specific to pdftex (RS)

LaTeX Info: Redefining \lsstyle on input line 900.
LaTeX Info: Redefining \lslig on input line 900.
\MT@outer@space=\skip57
)
Package microtype Info: Loading configuration file microtype.cfg.

(C:\Users\Marty\AppData\Local\Programs\MiKTeX\tex/latex/microtype\microtype.cfg
File: microtype.cfg 2022/06/23 v3.0f microtype main configuration file (RS)
)) (C:\Users\Marty\AppData\Local\Programs\MiKTeX\tex/latex/hyperref\hyperref.st
y
Package: hyperref 2022-11-13 v7.00u Hypertext links for LaTeX
(C:\Users\Marty\AppData\Local\Programs\MiKTeX\tex/generic/ltxcmds\ltxcmds.sty
Package: ltxcmds 2020-05-10 v1.25 LaTeX kernel commands for general use (HO)
)
(C:\Users\Marty\AppData\Local\Programs\MiKTeX\tex/generic/pdftexcmds\pdftexcmds
.sty
Package: pdftexcmds 2020-06-27 v0.33 Utility functions of pdfTeX for LuaTeX (HO
)

(C:\Users\Marty\AppData\Local\Programs\MiKTeX\tex/generic/infwarerr\infwarerr.s
ty
Package: infwarerr 2019/12/03 v1.5 Providing info/warning/error messages (HO)
)
Package pdftexcmds Info: \pdf@primitive is available.
Package pdftexcmds Info: \pdf@ifprimitive is available.
Package pdftexcmds Info: \pdfdraftmode found.
)
(C:\Users\Marty\AppData\Local\Programs\MiKTeX\tex/latex/kvsetkeys\kvsetkeys.sty
Package: kvsetkeys 2022-10-05 v1.19 Key value parser (HO)
)
(C:\Users\Marty\AppData\Local\Programs\MiKTeX\tex/generic/kvdefinekeys\kvdefine
keys.sty
Package: kvdefinekeys 2019-12-19 v1.6 Define keys (HO)
)
(C:\Users\Marty\AppData\Local\Programs\MiKTeX\tex/generic/pdfescape\pdfescape.s
ty
Package: pdfescape 2019/12/09 v1.15 Implements pdfTeX's escape features (HO)
) (C:\Users\Marty\AppData\Local\Programs\MiKTeX\tex/latex/hycolor\hycolor.sty
Package: hycolor 2020-01-27 v1.10 Color options for hyperref/bookmark (HO)
)
(C:\Users\Marty\AppData\Local\Programs\MiKTeX\tex/latex/letltxmacro\letltxmacro
.sty
Package: letltxmacro 2019/12/03 v1.6 Let assignment for LaTeX macros (HO)
) (C:\Users\Marty\AppData\Local\Programs\MiKTeX\tex/latex/auxhook\auxhook.sty
Package: auxhook 2019-12-17 v1.6 Hooks for auxiliary files (HO)
) (C:\Users\Marty\AppData\Local\Programs\MiKTeX\tex/latex/hyperref\nameref.sty
Package: nameref 2022-05-17 v2.50 Cross-referencing by name of section
(C:\Users\Marty\AppData\Local\Programs\MiKTeX\tex/latex/refcount\refcount.sty
Package: refcount 2019/12/15 v3.6 Data extraction from label references (HO)
)
(C:\Users\Marty\AppData\Local\Programs\MiKTeX\tex/generic/gettitlestring\gettit
lestring.sty
Package: gettitlestring 2019/12/15 v1.6 Cleanup title references (HO)

(C:\Users\Marty\AppData\Local\Programs\MiKTeX\tex/latex/kvoptions\kvoptions.sty
Package: kvoptions 2022-06-15 v3.15 Key value format for package options (HO)
))
\c@section@level=\count290
)
\@linkdim=\dimen163
\Hy@linkcounter=\count291
\Hy@pagecounter=\count292
(C:\Users\Marty\AppData\Local\Programs\MiKTeX\tex/latex/hyperref\pd1enc.def
File: pd1enc.def 2022-11-13 v7.00u Hyperref: PDFDocEncoding definition (HO)
Now handling font encoding PD1 ...
... no UTF-8 mapping file for font encoding PD1
) (C:\Users\Marty\AppData\Local\Programs\MiKTeX\tex/generic/intcalc\intcalc.sty
Package: intcalc 2019/12/15 v1.3 Expandable calculations with integers (HO)
)
(C:\Users\Marty\AppData\Local\Programs\MiKTeX\tex/generic/etexcmds\etexcmds.sty
Package: etexcmds 2019/12/15 v1.7 Avoid name clashes with e-TeX commands (HO)
)
\Hy@SavedSpaceFactor=\count293
(C:\Users\Marty\AppData\Local\Programs\MiKTeX\tex/latex/hyperref\puenc.def
File: puenc.def 2022-11-13 v7.00u Hyperref: PDF Unicode definition (HO)
Now handling font encoding PU ...
... no UTF-8 mapping file for font encoding PU
)
Package hyperref Info: Option `unicode' set `true' on input line 4045.
Package hyperref Info: Hyper figures OFF on input line 4162.
Package hyperref Info: Link nesting OFF on input line 4167.
Package hyperref Info: Hyper index ON on input line 4170.
Package hyperref Info: Plain pages OFF on input line 4177.
Package hyperref Info: Backreferencing OFF on input line 4182.
Package hyperref Info: Implicit mode ON; LaTeX internals redefined.
Package hyperref Info: Bookmarks ON on input line 4410.
\c@Hy@tempcnt=\count294
LaTeX Info: Redefining \url on input line 4748.
\XeTeXLinkMargin=\dimen164
(C:\Users\Marty\AppData\Local\Programs\MiKTeX\tex/generic/bitset\bitset.sty
Package: bitset 2019/12/09 v1.3 Handle bit-vector datatype (HO)

(C:\Users\Marty\AppData\Local\Programs\MiKTeX\tex/generic/bigintcalc\bigintcalc
.sty
Package: bigintcalc 2019/12/15 v1.5 Expandable calculations on big integers (HO
)
))
\Fld@menulength=\count295
\Field@Width=\dimen165
\Fld@charsize=\dimen166
Package hyperref Info: Hyper figures OFF on input line 6027.
Package hyperref Info: Link nesting OFF on input line 6032.
Package hyperref Info: Hyper index ON on input line 6035.
Package hyperref Info: backreferencing OFF on input line 6042.
Package hyperref Info: Link coloring OFF on input line 6047.
Package hyperref Info: Link coloring with OCG OFF on input line 6052.
Package hyperref Info: PDF/A mode OFF on input line 6057.
(C:\Users\Marty\AppData\Local\Programs\MiKTeX\tex/latex/base\atbegshi-ltx.sty
Package: atbegshi-ltx 2021/01/10 v1.0c Emulation of the original atbegshi
package with kernel methods
)
\Hy@abspage=\count296
\c@Item=\count297
\c@Hfootnote=\count298
)
Package hyperref Info: Driver (autodetected): hpdftex.
(C:\Users\Marty\AppData\Local\Programs\MiKTeX\tex/latex/hyperref\hpdftex.def
File: hpdftex.def 2022-11-13 v7.00u Hyperref driver for pdfTeX
(C:\Users\Marty\AppData\Local\Programs\MiKTeX\tex/latex/base\atveryend-ltx.sty
Package: atveryend-ltx 2020/08/19 v1.0a Emulation of the original atveryend pac
kage
with kernel methods
)
\Fld@listcount=\count299
\c@bookmark@seq@number=\count300

(C:\Users\Marty\AppData\Local\Programs\MiKTeX\tex/latex/rerunfilecheck\rerunfil
echeck.sty
Package: rerunfilecheck 2022-07-10 v1.10 Rerun checks for auxiliary files (HO)

(C:\Users\Marty\AppData\Local\Programs\MiKTeX\tex/generic/uniquecounter\uniquec
ounter.sty
Package: uniquecounter 2019/12/15 v1.4 Provide unlimited unique counter (HO)
)
Package uniquecounter Info: New unique counter `rerunfilecheck' on input line 2
85.
)
\Hy@SectionHShift=\skip58
)
Package hyperref Info: Option `breaklinks' set `true' on input line 49.

Package hyperref Warning: Option `bookmarks' has already been used,
(hyperref)                setting the option has no effect on input line 49.

Package hyperref Info: Option `colorlinks' set `false' on input line 49.
(C:\Users\Marty\AppData\Local\Programs\MiKTeX\tex/latex/graphics\color.sty
Package: color 2022/01/06 v1.3d Standard LaTeX Color (DPC)
(C:\Users\Marty\AppData\Local\Programs\MiKTeX\tex/latex/graphics-cfg\color.cfg
File: color.cfg 2016/01/02 v1.6 sample color configuration
)
Package color Info: Driver file: pdftex.def on input line 149.
(C:\Users\Marty\AppData\Local\Programs\MiKTeX\tex/latex/graphics\mathcolor.ltx)
) (C:\Users\Marty\AppData\Local\Programs\MiKTeX\tex/latex/fancyvrb\fancyvrb.sty
Package: fancyvrb 2022/06/06 4.5 verbatim text (tvz,hv)
\FV@CodeLineNo=\count301
\FV@InFile=\read2
\FV@TabBox=\box62
\c@FancyVerbLine=\count302
\FV@StepNumber=\count303
\FV@OutFile=\write4
) (C:\Users\Marty\AppData\Local\Programs\MiKTeX\tex/latex/framed\framed.sty
Package: framed 2011/10/22 v 0.96: framed or shaded text with page breaks
\OuterFrameSep=\skip59
\fb@frw=\dimen167
\fb@frh=\dimen168
\FrameRule=\dimen169
\FrameSep=\dimen170
) (C:\Users\Marty\AppData\Local\Programs\MiKTeX\tex/latex/tools\multicol.sty
Package: multicol 2021/11/30 v1.9d multicolumn formatting (FMi)
\c@tracingmulticols=\count304
\mult@box=\box63
\multicol@leftmargin=\dimen171
\c@unbalance=\count305
\c@collectmore=\count306
\doublecol@number=\count307
\multicoltolerance=\count308
\multicolpretolerance=\count309
\full@width=\dimen172
\page@free=\dimen173
\premulticols=\dimen174
\postmulticols=\dimen175
\multicolsep=\skip60
\multicolbaselineskip=\skip61
\partial@page=\box64
\last@line=\box65
\maxbalancingoverflow=\dimen176
\mult@rightbox=\box66
\mult@grightbox=\box67
\mult@firstbox=\box68
\mult@gfirstbox=\box69
\@tempa=\box70
\@tempa=\box71
\@tempa=\box72
\@tempa=\box73
\@tempa=\box74
\@tempa=\box75
\@tempa=\box76
\@tempa=\box77
\@tempa=\box78
\@tempa=\box79
\@tempa=\box80
\@tempa=\box81
\@tempa=\box82
\@tempa=\box83
\@tempa=\box84
\@tempa=\box85
\@tempa=\box86
\@tempa=\box87
\@tempa=\box88
\@tempa=\box89
\@tempa=\box90
\@tempa=\box91
\@tempa=\box92
\@tempa=\box93
\@tempa=\box94
\@tempa=\box95
\@tempa=\box96
\@tempa=\box97
\@tempa=\box98
\@tempa=\box99
\@tempa=\box100
\@tempa=\box101
\@tempa=\box102
\@tempa=\box103
\@tempa=\box104
\@tempa=\box105
\c@minrows=\count310
\c@columnbadness=\count311
\c@finalcolumnbadness=\count312
\last@try=\dimen177
\multicolovershoot=\dimen178
\multicolundershoot=\dimen179
\mult@nat@firstbox=\box106
\colbreak@box=\box107
\mc@col@check@num=\count313
) (C:\Users\Marty\AppData\Local\Programs\MiKTeX\tex/latex/float\float.sty
Package: float 2001/11/08 v1.3d Float enhancements (AL)
\c@float@type=\count314
\float@exts=\toks29
\float@box=\box108
\@float@everytoks=\toks30
\@floatcapt=\box109
) (C:\Users\Marty\AppData\Local\Programs\MiKTeX\tex/latex/placeins\placeins.sty
Package: placeins 2005/04/18  v 2.2
) (C:\Users\Marty\AppData\Local\Programs\MiKTeX\tex/latex/tools\afterpage.sty
Package: afterpage 2014/10/28 v1.08 After-Page Package (DPC)
\AP@output=\toks31
\AP@partial=\box110
\AP@footins=\box111
)
   defining Unicode char U+0081 (decimal 129)
   defining Unicode char U+03B2 (decimal 946)
   defining Unicode char U+03C1 (decimal 961)
   defining Unicode char U+03C3 (decimal 963)
   defining Unicode char U+03C4 (decimal 964)
(C:\Users\Marty\AppData\Local\Programs\MiKTeX\tex/latex/booktabs\booktabs.sty
Package: booktabs 2020/01/12 v1.61803398 Publication quality tables
\heavyrulewidth=\dimen180
\lightrulewidth=\dimen181
\cmidrulewidth=\dimen182
\belowrulesep=\dimen183
\belowbottomsep=\dimen184
\aboverulesep=\dimen185
\abovetopsep=\dimen186
\cmidrulesep=\dimen187
\cmidrulekern=\dimen188
\defaultaddspace=\dimen189
\@cmidla=\count315
\@cmidlb=\count316
\@aboverulesep=\dimen190
\@belowrulesep=\dimen191
\@thisruleclass=\count317
\@lastruleclass=\count318
\@thisrulewidth=\dimen192
) (C:\Users\Marty\AppData\Local\Programs\MiKTeX\tex/latex/tools\longtable.sty
Package: longtable 2021-09-01 v4.17 Multi-page Table package (DPC)
\LTleft=\skip62
\LTright=\skip63
\LTpre=\skip64
\LTpost=\skip65
\LTchunksize=\count319
\LTcapwidth=\dimen193
\LT@head=\box112
\LT@firsthead=\box113
\LT@foot=\box114
\LT@lastfoot=\box115
\LT@gbox=\box116
\LT@cols=\count320
\LT@rows=\count321
\c@LT@tables=\count322
\c@LT@chunks=\count323
\LT@p@ftn=\toks32
) (C:\Users\Marty\AppData\Local\Programs\MiKTeX\tex/latex/tools\array.sty
Package: array 2022/03/10 v2.5f Tabular extension package (FMi)
\col@sep=\dimen194
\ar@mcellbox=\box117
\extrarowheight=\dimen195
\NC@list=\toks33
\extratabsurround=\skip66
\backup@length=\skip67
\ar@cellbox=\box118
) (C:\Users\Marty\AppData\Local\Programs\MiKTeX\tex/latex/multirow\multirow.sty
Package: multirow 2021/03/15 v2.8 Span multiple rows of a table
\multirow@colwidth=\skip68
\multirow@cntb=\count324
\multirow@dima=\skip69
\bigstrutjot=\dimen196
) (C:\Users\Marty\AppData\Local\Programs\MiKTeX\tex/latex/wrapfig\wrapfig.sty
\wrapoverhang=\dimen197
\WF@size=\dimen198
\c@WF@wrappedlines=\count325
\WF@box=\box119
\WF@everypar=\toks34
Package: wrapfig 2003/01/31  v 3.6
) (C:\Users\Marty\AppData\Local\Programs\MiKTeX\tex/latex/colortbl\colortbl.sty
Package: colortbl 2022/06/20 v1.0f Color table columns (DPC)
\everycr=\toks35
\minrowclearance=\skip70
\rownum=\count326
)
(C:\Users\Marty\AppData\Local\Programs\MiKTeX\tex/latex/pdflscape\pdflscape.sty
Package: pdflscape 2022-10-27 v0.13 Display of landscape pages in PDF

(C:\Users\Marty\AppData\Local\Programs\MiKTeX\tex/latex/pdflscape\pdflscape-nom
etadata.sty
Package: pdflscape-nometadata 2022-10-28 v0.13 Display of landscape pages in PD
F (HO)
(C:\Users\Marty\AppData\Local\Programs\MiKTeX\tex/latex/graphics\lscape.sty
Package: lscape 2020/05/28 v3.02 Landscape Pages (DPC)
)
Package pdflscape Info: Auto-detected driver: pdftex on input line 81.
)) (C:\Users\Marty\AppData\Local\Programs\MiKTeX\tex/latex/tabu\tabu.sty
Package: tabu 2019/01/11 v2.9 - flexible LaTeX tabulars (FC+tabu-fixed)
(C:\Users\Marty\AppData\Local\Programs\MiKTeX\tex/latex/varwidth\varwidth.sty
Package: varwidth 2009/03/30 ver 0.92;  Variable-width minipages
\@vwid@box=\box120
\sift@deathcycles=\count327
\@vwid@loff=\dimen199
\@vwid@roff=\dimen256
)
\c@taburow=\count328
\tabu@nbcols=\count329
\tabu@cnt=\count330
\tabu@Xcol=\count331
\tabu@alloc=\count332
\tabu@nested=\count333
\tabu@target=\dimen257
\tabu@spreadtarget=\dimen258
\tabu@naturalX=\dimen259
\tabucolX=\dimen260
\tabu@Xsum=\dimen261
\extrarowdepth=\dimen262
\abovetabulinesep=\dimen263
\belowtabulinesep=\dimen264
\tabustrutrule=\dimen265
\tabu@thebody=\toks36
\tabu@footnotes=\toks37
\tabu@box=\box121
\tabu@arstrutbox=\box122
\tabu@hleads=\box123
\tabu@vleads=\box124
\tabu@cellskip=\skip71
)
(C:\Users\Marty\AppData\Local\Programs\MiKTeX\tex/latex/threeparttable\threepar
ttable.sty
Package: threeparttable 2003/06/13  v 3.0
\@tempboxb=\box125
)
(C:\Users\Marty\AppData\Local\Programs\MiKTeX\tex/latex/threeparttablex\threepa
rttablex.sty
Package: threeparttablex 2013/07/23 v0.3 by daleif
(C:\Users\Marty\AppData\Local\Programs\MiKTeX\tex/latex/environ\environ.sty
Package: environ 2014/05/04 v0.3 A new way to define environments

(C:\Users\Marty\AppData\Local\Programs\MiKTeX\tex/latex/trimspaces\trimspaces.s
ty
Package: trimspaces 2009/09/17 v1.1 Trim spaces around a token list
))
\TPTL@width=\skip72
) (C:\Users\Marty\AppData\Local\Programs\MiKTeX\tex/latex/ulem\ulem.sty
\UL@box=\box126
\UL@hyphenbox=\box127
\UL@skip=\skip73
\UL@hook=\toks38
\UL@height=\dimen266
\UL@pe=\count334
\UL@pixel=\dimen267
\ULC@box=\box128
Package: ulem 2019/11/18
\ULdepth=\dimen268
) (C:\Users\Marty\AppData\Local\Programs\MiKTeX\tex/latex/makecell\makecell.sty
Package: makecell 2009/08/03 V0.1e Managing of Tab Column Heads and Cells
\rotheadsize=\dimen269
\c@nlinenum=\count335
\TeXr@lab=\toks39
) (C:\Users\Marty\AppData\Local\Programs\MiKTeX\tex/latex/xcolor\xcolor.sty
Package: xcolor 2022/06/12 v2.14 LaTeX color extensions (UK)
(C:\Users\Marty\AppData\Local\Programs\MiKTeX\tex/latex/graphics-cfg\color.cfg
File: color.cfg 2016/01/02 v1.6 sample color configuration
)
Package xcolor Info: Driver file: pdftex.def on input line 227.
LaTeX Info: Redefining \color on input line 711.
(C:\Users\Marty\AppData\Local\Programs\MiKTeX\tex/latex/graphics\mathcolor.ltx)
Package xcolor Info: Model `cmy' substituted by `cmy0' on input line 1353.
Package xcolor Info: Model `hsb' substituted by `rgb' on input line 1357.
Package xcolor Info: Model `RGB' extended on input line 1369.
Package xcolor Info: Model `HTML' substituted by `rgb' on input line 1371.
Package xcolor Info: Model `Hsb' substituted by `hsb' on input line 1372.
Package xcolor Info: Model `tHsb' substituted by `hsb' on input line 1373.
Package xcolor Info: Model `HSB' substituted by `hsb' on input line 1374.
Package xcolor Info: Model `Gray' substituted by `gray' on input line 1375.
Package xcolor Info: Model `wave' substituted by `hsb' on input line 1376.
) (C:\Users\Marty\AppData\Local\Programs\MiKTeX\tex/latex/caption\caption.sty
Package: caption 2022/03/01 v3.6b Customizing captions (AR)
(C:\Users\Marty\AppData\Local\Programs\MiKTeX\tex/latex/caption\caption3.sty
Package: caption3 2022/03/17 v2.3b caption3 kernel (AR)
\caption@tempdima=\dimen270
\captionmargin=\dimen271
\caption@leftmargin=\dimen272
\caption@rightmargin=\dimen273
\caption@width=\dimen274
\caption@indent=\dimen275
\caption@parindent=\dimen276
\caption@hangindent=\dimen277
Package caption Info: elsarticle document class detected.

(C:\Users\Marty\AppData\Local\Programs\MiKTeX\tex/latex/caption\caption-elsarti
cle.sto
File: caption-elsarticle.sto 2020/08/22 v2.0 Adaption of the caption package to
 the elsarticle document class (AR)
))
\c@caption@flags=\count336
\c@continuedfloat=\count337
Package caption Info: float package is loaded.
Package caption Info: hyperref package is loaded.
Package caption Info: longtable package is loaded.
(C:\Users\Marty\AppData\Local\Programs\MiKTeX\tex/latex/caption\ltcaption.sty
Package: ltcaption 2021/01/08 v1.4c longtable captions (AR)
)
Package caption Info: threeparttable package is loaded.
Package caption Info: wrapfig package is loaded.
) (C:\Users\Marty\AppData\Local\Programs\MiKTeX\tex/latex/siunitx\siunitx.sty
Package: siunitx 2023-01-03 v3.2.0 A comprehensive (SI) units package
\l__siunitx_angle_tmp_dim=\dimen278
\l__siunitx_angle_marker_box=\box129
\l__siunitx_angle_unit_box=\box130
\l__siunitx_compound_count_int=\count338

(C:\Users\Marty\AppData\Local\Programs\MiKTeX\tex/latex/translations\translatio
ns.sty
Package: translations 2022/02/05 v1.12 internationalization of LaTeX2e packages
 (CN)
)
\l__siunitx_number_exponent_fixed_int=\count339
\l__siunitx_number_min_decimal_int=\count340
\l__siunitx_number_min_integer_int=\count341
\l__siunitx_number_round_precision_int=\count342
\l__siunitx_number_lower_threshold_int=\count343
\l__siunitx_number_upper_threshold_int=\count344
\l__siunitx_number_group_first_int=\count345
\l__siunitx_number_group_size_int=\count346
\l__siunitx_number_group_minimum_int=\count347
\l__siunitx_table_tmp_box=\box131
\l__siunitx_table_tmp_dim=\dimen279
\l__siunitx_table_column_width_dim=\dimen280
\l__siunitx_table_integer_box=\box132
\l__siunitx_table_decimal_box=\box133
\l__siunitx_table_uncert_box=\box134
\l__siunitx_table_before_box=\box135
\l__siunitx_table_after_box=\box136
\l__siunitx_table_before_dim=\dimen281
\l__siunitx_table_carry_dim=\dimen282
\l__siunitx_unit_tmp_int=\count348
\l__siunitx_unit_position_int=\count349
\l__siunitx_unit_total_int=\count350
) (C:\Users\Marty\AppData\Local\Programs\MiKTeX\tex/latex/tools\hhline.sty
Package: hhline 2020/01/04 v2.04 Table rule package (DPC)
) (C:\Users\Marty\AppData\Local\Programs\MiKTeX\tex/latex/tools\calc.sty
Package: calc 2017/05/25 v4.3 Infix arithmetic (KKT,FJ)
\calc@Acount=\count351
\calc@Bcount=\count352
\calc@Adimen=\dimen283
\calc@Bdimen=\dimen284
\calc@Askip=\skip74
\calc@Bskip=\skip75
LaTeX Info: Redefining \setlength on input line 80.
LaTeX Info: Redefining \addtolength on input line 81.
\calc@Ccount=\count353
\calc@Cskip=\skip76
) (C:\Users\Marty\AppData\Local\Programs\MiKTeX\tex/latex/tools\tabularx.sty
Package: tabularx 2020/01/15 v2.11c `tabularx' package (DPC)
\TX@col@width=\dimen285
\TX@old@table=\dimen286
\TX@old@col=\dimen287
\TX@target=\dimen288
\TX@delta=\dimen289
\TX@cols=\count354
\TX@ftn=\toks40
)
(C:\Users\Marty\AppData\Local\Programs\MiKTeX\tex/latex/adjustbox\adjustbox.sty
Package: adjustbox 2022/10/17 v1.3a Adjusting TeX boxes (trim, clip, ...)
(C:\Users\Marty\AppData\Local\Programs\MiKTeX\tex/latex/xkeyval\xkeyval.sty
Package: xkeyval 2022/06/16 v2.9 package option processing (HA)
(C:\Users\Marty\AppData\Local\Programs\MiKTeX\tex/generic/xkeyval\xkeyval.tex (
C:\Users\Marty\AppData\Local\Programs\MiKTeX\tex/generic/xkeyval\xkvutils.tex
\XKV@toks=\toks41
\XKV@tempa@toks=\toks42
)
\XKV@depth=\count355
File: xkeyval.tex 2014/12/03 v2.7a key=value parser (HA)
)) (C:\Users\Marty\AppData\Local\Programs\MiKTeX\tex/latex/adjustbox\adjcalc.st
y
Package: adjcalc 2012/05/16 v1.1 Provides advanced setlength with multiple back
-ends (calc, etex, pgfmath)
) (C:\Users\Marty\AppData\Local\Programs\MiKTeX\tex/latex/adjustbox\trimclip.st
y
Package: trimclip 2020/08/19 v1.2 Trim and clip general TeX material

(C:\Users\Marty\AppData\Local\Programs\MiKTeX\tex/latex/collectbox\collectbox.s
ty
Package: collectbox 2022/10/17 v0.4c Collect macro arguments as boxes
\collectedbox=\box137
)
\tc@llx=\dimen290
\tc@lly=\dimen291
\tc@urx=\dimen292
\tc@ury=\dimen293
Package trimclip Info: Using driver 'tc-pdftex.def'.

(C:\Users\Marty\AppData\Local\Programs\MiKTeX\tex/latex/adjustbox\tc-pdftex.def
File: tc-pdftex.def 2019/01/04 v2.2 Clipping driver for pdftex
))
\adjbox@Width=\dimen294
\adjbox@Height=\dimen295
\adjbox@Depth=\dimen296
\adjbox@Totalheight=\dimen297
\adjbox@pwidth=\dimen298
\adjbox@pheight=\dimen299
\adjbox@pdepth=\dimen300
\adjbox@ptotalheight=\dimen301

(C:\Users\Marty\AppData\Local\Programs\MiKTeX\tex/latex/ifoddpage\ifoddpage.sty
Package: ifoddpage 2022/10/18 v1.2 Conditionals for odd/even page detection
\c@checkoddpage=\count356
))
Package translations Info: No language package found. I am going to use `englis
h' as default language. on input line 130.
LaTeX Font Info:    Trying to load font information for T1+lmr on input line 13
0.
(C:\Users\Marty\AppData\Local\Programs\MiKTeX\tex/latex/lm\t1lmr.fd
File: t1lmr.fd 2015/05/01 v1.6.1 Font defs for Latin Modern
) (cookbook.aux

LaTeX Warning: Label `fig:plotmeans' multiply defined.


LaTeX Warning: Label `fig:histogram' multiply defined.

)
\openout1 = `cookbook.aux'.

LaTeX Font Info:    Checking defaults for OML/cmm/m/it on input line 130.
LaTeX Font Info:    ... okay on input line 130.
LaTeX Font Info:    Checking defaults for OMS/cmsy/m/n on input line 130.
LaTeX Font Info:    ... okay on input line 130.
LaTeX Font Info:    Checking defaults for OT1/cmr/m/n on input line 130.
LaTeX Font Info:    ... okay on input line 130.
LaTeX Font Info:    Checking defaults for T1/cmr/m/n on input line 130.
LaTeX Font Info:    ... okay on input line 130.
LaTeX Font Info:    Checking defaults for TS1/cmr/m/n on input line 130.
LaTeX Font Info:    ... okay on input line 130.
LaTeX Font Info:    Checking defaults for OMX/cmex/m/n on input line 130.
LaTeX Font Info:    ... okay on input line 130.
LaTeX Font Info:    Checking defaults for U/cmr/m/n on input line 130.
LaTeX Font Info:    ... okay on input line 130.
LaTeX Font Info:    Checking defaults for PD1/pdf/m/n on input line 130.
LaTeX Font Info:    ... okay on input line 130.
LaTeX Font Info:    Checking defaults for PU/pdf/m/n on input line 130.
LaTeX Font Info:    ... okay on input line 130.

(C:\Users\Marty\AppData\Local\Programs\MiKTeX\tex/context/base/mkii\supp-pdf.mk
ii
[Loading MPS to PDF converter (version 2006.09.02).]
\scratchcounter=\count357
\scratchdimen=\dimen302
\scratchbox=\box138
\nofMPsegments=\count358
\nofMParguments=\count359
\everyMPshowfont=\toks43
\MPscratchCnt=\count360
\MPscratchDim=\dimen303
\MPnumerator=\count361
\makeMPintoPDFobject=\count362
\everyMPtoPDFconversion=\toks44
)
(C:\Users\Marty\AppData\Local\Programs\MiKTeX\tex/latex/epstopdf-pkg\epstopdf-b
ase.sty
Package: epstopdf-base 2020-01-24 v2.11 Base part for package epstopdf
Package epstopdf-base Info: Redefining graphics rule for `.eps' on input line 4
85.

(C:\Users\Marty\AppData\Local\Programs\MiKTeX\tex/latex/00miktex\epstopdf-sys.c
fg
File: epstopdf-sys.cfg 2021/03/18 v2.0 Configuration of epstopdf for MiKTeX
))
LaTeX Info: Redefining \microtypecontext on input line 130.
Package microtype Info: Applying patch `item' on input line 130.
Package microtype Info: Applying patch `toc' on input line 130.
Package microtype Info: Applying patch `eqnum' on input line 130.
Package microtype Info: Applying patch `footnote' on input line 130.
Package microtype Info: Generating PDF output.
Package microtype Info: Character protrusion enabled (level 2).
Package microtype Info: Using default protrusion set `alltext'.
Package microtype Info: Automatic font expansion enabled (level 2),
(microtype)             stretch: 20, shrink: 20, step: 1, non-selected.
Package microtype Info: Using default expansion set `alltext-nott'.
LaTeX Info: Redefining \showhyphens on input line 130.
Package microtype Info: No adjustment of tracking.
Package microtype Info: No adjustment of interword spacing.
Package microtype Info: No adjustment of character kerning.
(C:\Users\Marty\AppData\Local\Programs\MiKTeX\tex/latex/microtype\mt-cmr.cfg
File: mt-cmr.cfg 2013/05/19 v2.2 microtype config. file: Computer Modern Roman 
(RS)
)
Package hyperref Info: Link coloring OFF on input line 130.
(cookbook.out) (cookbook.out)
\@outlinefile=\write5
\openout5 = `cookbook.out'.

Package caption Info: Begin \AtBeginDocument code.
Package caption Info: End \AtBeginDocument code.

(C:\Users\Marty\AppData\Local\Programs\MiKTeX\tex/latex/translations/dicts\tran
slations-basic-dictionary-english.trsl
File: translations-basic-dictionary-english.trsl (english translation file `tra
nslations-basic-dictionary')
)
Package translations Info: loading dictionary `translations-basic-dictionary' f
or `english'. on input line 130.
LaTeX Font Info:    Trying to load font information for OT1+lmr on input line 1
46.
(C:\Users\Marty\AppData\Local\Programs\MiKTeX\tex/latex/lm\ot1lmr.fd
File: ot1lmr.fd 2015/05/01 v1.6.1 Font defs for Latin Modern
)
LaTeX Font Info:    Trying to load font information for OML+lmm on input line 1
46.
(C:\Users\Marty\AppData\Local\Programs\MiKTeX\tex/latex/lm\omllmm.fd
File: omllmm.fd 2015/05/01 v1.6.1 Font defs for Latin Modern
)
LaTeX Font Info:    Trying to load font information for OMS+lmsy on input line 
146.
(C:\Users\Marty\AppData\Local\Programs\MiKTeX\tex/latex/lm\omslmsy.fd
File: omslmsy.fd 2015/05/01 v1.6.1 Font defs for Latin Modern
)
LaTeX Font Info:    Trying to load font information for OMX+lmex on input line 
146.
(C:\Users\Marty\AppData\Local\Programs\MiKTeX\tex/latex/lm\omxlmex.fd
File: omxlmex.fd 2015/05/01 v1.6.1 Font defs for Latin Modern
)
LaTeX Font Info:    External font `lmex10' loaded for size
(Font)              <8> on input line 146.
LaTeX Font Info:    External font `lmex10' loaded for size
(Font)              <6> on input line 146.
LaTeX Font Info:    External font `lmex10' loaded for size
(Font)              <5> on input line 146.
LaTeX Font Info:    Trying to load font information for U+msa on input line 146
.
(C:\Users\Marty\AppData\Local\Programs\MiKTeX\tex/latex/amsfonts\umsa.fd
File: umsa.fd 2013/01/14 v3.01 AMS symbols A
) (C:\Users\Marty\AppData\Local\Programs\MiKTeX\tex/latex/microtype\mt-msa.cfg
File: mt-msa.cfg 2006/02/04 v1.1 microtype config. file: AMS symbols (a) (RS)
)
LaTeX Font Info:    Trying to load font information for U+msb on input line 146
.
(C:\Users\Marty\AppData\Local\Programs\MiKTeX\tex/latex/amsfonts\umsb.fd
File: umsb.fd 2013/01/14 v3.01 AMS symbols B
) (C:\Users\Marty\AppData\Local\Programs\MiKTeX\tex/latex/microtype\mt-msb.cfg
File: mt-msb.cfg 2005/06/01 v1.0 microtype config. file: AMS symbols (b) (RS)
)
LaTeX Font Info:    External font `lmex10' loaded for size
(Font)              <10> on input line 146.
LaTeX Font Info:    External font `lmex10' loaded for size
(Font)              <7> on input line 146.

Overfull \hbox (164.00833pt too wide) in paragraph at lines 148--161
\T1/lmr/m/n/10 (-20) Date: _______________________ Sig-na-ture: _______________
_____________________
 []


Underfull \hbox (badness 10000) in paragraph at lines 148--161

 []


Overfull \hbox (2.22221pt too wide) has occurred while \output is active
[] 
 []

[1


{C:/Users/Marty/AppData/Local/MiKTeX/fonts/map/pdftex/pdftex.map}] (cookbook.lo
f)
\tf@lof=\write6
\openout6 = `cookbook.lof'.

(cookbook.lot)
\tf@lot=\write7
\openout7 = `cookbook.lot'.

[2]
<cookbook_files/figure-latex/chunk-a-1.png, id=143, 469.755pt x 352.1958pt>
File: cookbook_files/figure-latex/chunk-a-1.png Graphic file (type png)
<use cookbook_files/figure-latex/chunk-a-1.png>
Package pdftex.def Info: cookbook_files/figure-latex/chunk-a-1.png  used on inp
ut line 198.
(pdftex.def)             Requested size: 310.4979pt x 232.79388pt.
<../inst/cookbook_files/figure-latex//mandatory_chunk_name-1.png, id=144, 469.7
55pt x 352.1958pt>
File: ../inst/cookbook_files/figure-latex//mandatory_chunk_name-1.png Graphic f
ile (type png)
<use ../inst/cookbook_files/figure-latex//mandatory_chunk_name-1.png>
Package pdftex.def Info: ../inst/cookbook_files/figure-latex//mandatory_chunk_n
ame-1.png  used on input line 208.
(pdftex.def)             Requested size: 167.5pt x 125.58122pt.
<../inst/cookbook_files/figure-latex//mandatory_chunk_name-2.png, id=145, 469.7
55pt x 352.1958pt>
File: ../inst/cookbook_files/figure-latex//mandatory_chunk_name-2.png Graphic f
ile (type png)
<use ../inst/cookbook_files/figure-latex//mandatory_chunk_name-2.png>
Package pdftex.def Info: ../inst/cookbook_files/figure-latex//mandatory_chunk_n
ame-2.png  used on input line 216.
(pdftex.def)             Requested size: 167.5pt x 125.58122pt.
[3 <./cookbook_files/figure-latex/chunk-a-1.png>] [4 <../inst/cookbook_files/fi
gure-latex//mandatory_chunk_name-1.png> <../inst/cookbook_files/figure-latex//m
andatory_chunk_name-2.png>]
LaTeX Font Info:    Trying to load font information for T1+lmtt on input line 2
29.
(C:\Users\Marty\AppData\Local\Programs\MiKTeX\tex/latex/lm\t1lmtt.fd
File: t1lmtt.fd 2015/05/01 v1.6.1 Font defs for Latin Modern
)
Package microtype Info: Loading generic protrusion settings for font family
(microtype)             `lmtt' (encoding: T1).
(microtype)             For optimal results, create family-specific settings.
(microtype)             See the microtype manual for details.

Underfull \hbox (badness 10000) in paragraph at lines 269--270

 []

[5]
Underfull \hbox (badness 10000) in paragraph at lines 314--315

 []

LaTeX Font Info:    Trying to load font information for TS1+lmr on input line 3
34.
(C:\Users\Marty\AppData\Local\Programs\MiKTeX\tex/latex/lm\ts1lmr.fd
File: ts1lmr.fd 2015/05/01 v1.6.1 Font defs for Latin Modern
)
Underfull \hbox (badness 10000) in paragraph at lines 334--336

 []


Underfull \hbox (badness 10000) in paragraph at lines 336--338

 []


Underfull \hbox (badness 10000) in paragraph at lines 338--340

 []


Underfull \hbox (badness 10000) in paragraph at lines 340--342

 []


Underfull \hbox (badness 10000) in paragraph at lines 345--346

 []

[6]

Package xcolor Warning: Incompatible color definition on input line 366.


Package xcolor Warning: Incompatible color definition on input line 377.


Package xcolor Warning: Incompatible color definition on input line 377.


Overfull \hbox (38.24889pt too wide) in paragraph at lines 382--382
[]\T1/lmtt/m/n/10 ##  [1] East  West  East  North North East  West  West  West 
 East  North[] 
 []


Package xcolor Warning: Incompatible color definition on input line 384.


Package xcolor Warning: Incompatible color definition on input line 392.


Package xcolor Warning: Incompatible color definition on input line 392.


Overfull \hbox (38.24889pt too wide) in paragraph at lines 397--397
[]\T1/lmtt/m/n/10 ##  [1] East  West  East  North North East  West  West  West 
 East  North[] 
 []

[7]
<cookbook_files/figure-latex/two_log_norm_plot-1.png, id=189, 469.755pt x 352.1
958pt>
File: cookbook_files/figure-latex/two_log_norm_plot-1.png Graphic file (type pn
g)
<use cookbook_files/figure-latex/two_log_norm_plot-1.png>
Package pdftex.def Info: cookbook_files/figure-latex/two_log_norm_plot-1.png  u
sed on input line 444.
(pdftex.def)             Requested size: 310.4979pt x 232.79388pt.
[8] [9 <./cookbook_files/figure-latex/two_log_norm_plot-1.png>]
File: ../inst/cookbook_files/figure-latex//mandatory_chunk_name-1.png Graphic f
ile (type png)
<use ../inst/cookbook_files/figure-latex//mandatory_chunk_name-1.png>
Package pdftex.def Info: ../inst/cookbook_files/figure-latex//mandatory_chunk_n
ame-1.png  used on input line 460.
(pdftex.def)             Requested size: 167.5pt x 125.58122pt.
File: ../inst/cookbook_files/figure-latex//mandatory_chunk_name-2.png Graphic f
ile (type png)
<use ../inst/cookbook_files/figure-latex//mandatory_chunk_name-2.png>
Package pdftex.def Info: ../inst/cookbook_files/figure-latex//mandatory_chunk_n
ame-2.png  used on input line 468.
(pdftex.def)             Requested size: 167.5pt x 125.58122pt.
[10]
Overfull \hbox (3.44849pt too wide) in paragraph at lines 644--644
 [][]\T1/lmr/bx/n/7 (-20) Setosa, 
 []


Overfull \hbox (14.9638pt too wide) in paragraph at lines 644--644
 [][]\T1/lmr/bx/n/7 (-20) Verginica, 
 []


Overfull \hbox (17.33948pt too wide) in paragraph at lines 644--644
 [][]\T1/lmr/bx/n/7 (-20) Versicolor, 
 []


Overfull \hbox (10.83665pt too wide) in paragraph at lines 644--644
[][]\T1/lmr/bx/n/7 (-20) Numeric 
 []


Overfull \hbox (4.27307pt too wide) in paragraph at lines 644--644
\T1/lmr/bx/n/7 (-20) species[]  
 []


Overfull \hbox (0.83904pt too wide) in paragraph at lines 644--644
 \T1/lmr/m/n/7 (-20) (100%)[] 
 []


Overfull \hbox (0.83904pt too wide) in paragraph at lines 644--644
 \T1/lmr/m/n/7 (-20) (100%)[] 
 []


Overfull \hbox (0.83904pt too wide) in paragraph at lines 644--644
 \T1/lmr/m/n/7 (-20) (100%)[] 
 []


Overfull \hbox (0.52574pt too wide) in paragraph at lines 644--644
\T1/lmr/bx/n/7 (-20) petals[]  
 []


Overfull \hbox (1.81232pt too wide) in paragraph at lines 644--644
\T1/lmr/bx/n/7 (-20) length 
 []


Overfull \hbox (0.52574pt too wide) in paragraph at lines 644--644
\T1/lmr/bx/n/7 (-20) petals[]  
 []


Overfull \hbox (1.81232pt too wide) in paragraph at lines 644--644
\T1/lmr/bx/n/7 (-20) length 
 []


Overfull \hbox (3.52881pt too wide) in paragraph at lines 644--644
\T1/lmr/bx/n/7 (-20) adding 
 []


Overfull \hbox (5.32658pt too wide) in paragraph at lines 644--644
\T1/lmr/bx/n/7 (-20) lengths[]  
 []


Overfull \hbox (14.62354pt too wide) in paragraph at lines 644--644
[][]\T1/lmr/bx/n/7 (-20) mock_ID[]  
 []


Overfull \hbox (4.01054pt too wide) in alignment at lines 644--644
[][][][] 
 []


LaTeX Warning: Float too large for page by 383.40002pt on input line 647.


LaTeX Warning: `h' float specifier changed to `ht'.


Underfull \hbox (badness 10000) in paragraph at lines 650--651

 []


Overfull \hbox (3.59947pt too wide) in paragraph at lines 782--782
[][]\T1/lmr/bx/n/10 (-20) mpg[]  
 []


Overfull \hbox (2.30252pt too wide) in paragraph at lines 782--782
 [][]\T1/lmr/bx/n/10 (-20) disp[] 
 []


Overfull \hbox (2.96739pt too wide) in paragraph at lines 782--782
 [][]\T1/lmr/bx/n/10 (-20) drat[] 
 []


Overfull \hbox (2.7719pt too wide) in paragraph at lines 782--782
 [][]\T1/lmr/bx/n/10 (-20) qsec[] 
 []


Overfull \hbox (3.12418pt too wide) in paragraph at lines 782--782
 [][]\T1/lmr/bx/n/10 (-20) gear[] 
 []


Overfull \hbox (3.59361pt too wide) in paragraph at lines 782--782
 [][]\T1/lmr/bx/n/10 (-20) carb[] 
 []


Overfull \hbox (4.52634pt too wide) in paragraph at lines 782--782
 [][]\T1/lmr/m/n/10 (-20) 16.46[] 
 []


Overfull \hbox (4.52634pt too wide) in paragraph at lines 782--782
 [][]\T1/lmr/m/n/10 (-20) 2.875[] 
 []


Overfull \hbox (4.52634pt too wide) in paragraph at lines 782--782
 [][]\T1/lmr/m/n/10 (-20) 17.02[] 
 []


Overfull \hbox (4.52634pt too wide) in paragraph at lines 782--782
 [][]\T1/lmr/m/n/10 (-20) 18.61[] 
 []


Overfull \hbox (4.52634pt too wide) in paragraph at lines 782--782
 [][]\T1/lmr/m/n/10 (-20) 3.215[] 
 []


Overfull \hbox (4.52634pt too wide) in paragraph at lines 782--782
 [][]\T1/lmr/m/n/10 (-20) 19.44[] 
 []


Overfull \hbox (4.52634pt too wide) in paragraph at lines 782--782
 [][]\T1/lmr/m/n/10 (-20) 17.02[] 
 []


Overfull \hbox (4.52634pt too wide) in paragraph at lines 782--782
 [][]\T1/lmr/m/n/10 (-20) 20.22[] 
 []


Overfull \hbox (9.6053pt too wide) in alignment at lines 782--782
[][][][][][][][][][][] 
 []


LaTeX Warning: `h' float specifier changed to `ht'.

[11]
Underfull \hbox (badness 10000) in paragraph at lines 826--827

 []

<cookbook_files/figure-latex/raincloud_call-1.png, id=210, 469.755pt x 352.1958
pt>
File: cookbook_files/figure-latex/raincloud_call-1.png Graphic file (type png)
<use cookbook_files/figure-latex/raincloud_call-1.png>
Package pdftex.def Info: cookbook_files/figure-latex/raincloud_call-1.png  used
 on input line 830.
(pdftex.def)             Requested size: 310.4979pt x 232.79388pt.
[12]
Underfull \hbox (badness 10000) in paragraph at lines 837--838

 []


Underfull \hbox (badness 10000) in paragraph at lines 843--844

 []

[13 <./cookbook_files/figure-latex/raincloud_call-1.png>]
<figure/webshot.png, id=223, 401.5pt x 401.5pt>
File: figure/webshot.png Graphic file (type png)
<use figure/webshot.png>
Package pdftex.def Info: figure/webshot.png  used on input line 881.
(pdftex.def)             Requested size: 300.0pt x 300.0215pt.
<cookbook_files/figure-latex/lmer_predictions-1.png, id=225, 469.755pt x 352.19
58pt>
File: cookbook_files/figure-latex/lmer_predictions-1.png Graphic file (type png
)
<use cookbook_files/figure-latex/lmer_predictions-1.png>
Package pdftex.def Info: cookbook_files/figure-latex/lmer_predictions-1.png  us
ed on input line 893.
(pdftex.def)             Requested size: 310.4979pt x 232.79388pt.
[14 <./figure/webshot.png>]
<cookbook_files/figure-latex/ggpairs_plot-1.png, id=231, 469.755pt x 352.1958pt
>
File: cookbook_files/figure-latex/ggpairs_plot-1.png Graphic file (type png)
<use cookbook_files/figure-latex/ggpairs_plot-1.png>
Package pdftex.def Info: cookbook_files/figure-latex/ggpairs_plot-1.png  used o
n input line 902.
(pdftex.def)             Requested size: 310.4979pt x 232.79388pt.
[15 <./cookbook_files/figure-latex/lmer_predictions-1.png> <./cookbook_files/fi
gure-latex/ggpairs_plot-1.png (PNG copy)>] [16] [17]
Overfull \hbox (2.40527pt too wide) in alignment at lines 973--973
[][] 
 []

<cookbook_files/figure-latex/cyl-fig1-1.png, id=250, 469.755pt x 352.1958pt>
File: cookbook_files/figure-latex/cyl-fig1-1.png Graphic file (type png)
<use cookbook_files/figure-latex/cyl-fig1-1.png>
Package pdftex.def Info: cookbook_files/figure-latex/cyl-fig1-1.png  used on in
put line 985.
(pdftex.def)             Requested size: 167.5pt x 125.58122pt.
<cookbook_files/figure-latex/cyl-fig1-2.png, id=251, 469.755pt x 352.1958pt>
File: cookbook_files/figure-latex/cyl-fig1-2.png Graphic file (type png)
<use cookbook_files/figure-latex/cyl-fig1-2.png>
Package pdftex.def Info: cookbook_files/figure-latex/cyl-fig1-2.png  used on in
put line 993.
(pdftex.def)             Requested size: 167.5pt x 125.58122pt.

LaTeX Warning: Reference `fig:param_plot12' on page 18 undefined on input line 
1001.


Overfull \hbox (2.40527pt too wide) in alignment at lines 1064--1064
[][] 
 []


LaTeX Warning: `h' float specifier changed to `ht'.

<cookbook_files/figure-latex/gear-fig1-1.png, id=252, 469.755pt x 352.1958pt>
File: cookbook_files/figure-latex/gear-fig1-1.png Graphic file (type png)
<use cookbook_files/figure-latex/gear-fig1-1.png>
Package pdftex.def Info: cookbook_files/figure-latex/gear-fig1-1.png  used on i
nput line 1076.
(pdftex.def)             Requested size: 167.5pt x 125.58122pt.
<cookbook_files/figure-latex/gear-fig1-2.png, id=253, 469.755pt x 352.1958pt>
File: cookbook_files/figure-latex/gear-fig1-2.png Graphic file (type png)
<use cookbook_files/figure-latex/gear-fig1-2.png>
Package pdftex.def Info: cookbook_files/figure-latex/gear-fig1-2.png  used on i
nput line 1084.
(pdftex.def)             Requested size: 167.5pt x 125.58122pt.

LaTeX Warning: `h' float specifier changed to `ht'.


LaTeX Warning: Reference `fig:param_plot14' on page 18 undefined on input line 
1092.


Overfull \hbox (2.40527pt too wide) in alignment at lines 1176--1176
[][] 
 []


LaTeX Warning: `h' float specifier changed to `ht'.

<cookbook_files/figure-latex/carb-fig1-1.png, id=254, 469.755pt x 352.1958pt>
File: cookbook_files/figure-latex/carb-fig1-1.png Graphic file (type png)
<use cookbook_files/figure-latex/carb-fig1-1.png>
Package pdftex.def Info: cookbook_files/figure-latex/carb-fig1-1.png  used on i
nput line 1188.
(pdftex.def)             Requested size: 167.5pt x 125.58122pt.
<cookbook_files/figure-latex/carb-fig1-2.png, id=255, 469.755pt x 352.1958pt>
File: cookbook_files/figure-latex/carb-fig1-2.png Graphic file (type png)
<use cookbook_files/figure-latex/carb-fig1-2.png>
Package pdftex.def Info: cookbook_files/figure-latex/carb-fig1-2.png  used on i
nput line 1196.
(pdftex.def)             Requested size: 167.5pt x 125.58122pt.

LaTeX Warning: `h' float specifier changed to `ht'.


LaTeX Warning: Reference `fig:param_plot16' on page 18 undefined on input line 
1204.

<cookbook_files/figure-latex/referenced_chunk-1.png, id=256, 469.755pt x 352.19
58pt>
File: cookbook_files/figure-latex/referenced_chunk-1.png Graphic file (type png
)
<use cookbook_files/figure-latex/referenced_chunk-1.png>
Package pdftex.def Info: cookbook_files/figure-latex/referenced_chunk-1.png  us
ed on input line 1208.
(pdftex.def)             Requested size: 310.4979pt x 232.79388pt.
[18

 <./cookbook_files/figure-latex/cyl-fig1-1.png> <./cookbook_files/figure-latex/
cyl-fig1-2.png>]
Overfull \vbox (17.17508pt too high) has occurred while \output is active []

[19 <./cookbook_files/figure-latex/gear-fig1-1.png> <./cookbook_files/figure-la
tex/gear-fig1-2.png> <./cookbook_files/figure-latex/referenced_chunk-1.png>]
Overfull \hbox (227.24834pt too wide) in paragraph at lines 1223--1223
[]\T1/lmtt/m/n/10 ## C:/OneDrive_DKM/-/Dinamikus Kivlsg Menedzsment - Genera
l/Stats_R/R/MartysCookbook/inst/extdata/Iris.xls[] 
 []


Overfull \hbox (227.24834pt too wide) in paragraph at lines 1223--1223
[]\T1/lmtt/m/n/10 ##                                                           
              "1ed4b9d5418675e017479de339aff352"[] 
 []

[20 <./cookbook_files/figure-latex/carb-fig1-1.png> <./cookbook_files/figure-la
tex/carb-fig1-2.png>]
Overfull \hbox (0.71408pt too wide) in paragraph at lines 1279--1283
\T1/lmr/m/it/10 (-20) Means\T1/lmr/m/n/10 (-20) . R pack-age ver-sion 1.8.6, []
$\T1/lmtt/m/n/10 https : / / CRAN . R -[] project . org / package =
 []

[21]

Package xcolor Warning: Incompatible color definition on input line 1327.

LaTeX Font Info:    Font shape `T1/lmtt/bx/n' in size <10> not available
(Font)              Font shape `T1/lmtt/b/n' tried instead on input line 1345.

LaTeX Font Warning: Font shape `T1/lmtt/bx/it' in size <10> not available
(Font)              Font shape `T1/lmtt/b/sl' tried instead on input line 1345.


LaTeX Font Info:    Trying to load font information for TS1+lmtt on input line 
1348.
(C:\Users\Marty\AppData\Local\Programs\MiKTeX\tex/latex/lm\ts1lmtt.fd
File: ts1lmtt.fd 2015/05/01 v1.6.1 Font defs for Latin Modern
)
Package microtype Info: Loading generic protrusion settings for font family
(microtype)             `lmtt' (encoding: TS1).
(microtype)             For optimal results, create family-specific settings.
(microtype)             See the microtype manual for details.
Package microtype Info: Character `texttrademark ' is missing
(microtype)             in font `TS1/lmtt/m/n/10'.
(microtype)             Ignoring protrusion settings for this character.
Package microtype Info: Character `texttrademark ' is missing
(microtype)             in font `TS1/lmtt/m/it/10'.
(microtype)             Ignoring protrusion settings for this character.

Package xcolor Warning: Incompatible color definition on input line 1858.


Package xcolor Warning: Incompatible color definition on input line 1858.


Package xcolor Warning: Incompatible color definition on input line 1858.

[22]

Package xcolor Warning: Incompatible color definition on input line 1858.


Package xcolor Warning: Incompatible color definition on input line 1858.


Underfull \vbox (badness 10000) detected at line 1858
 []


Underfull \vbox (badness 10000) detected at line 1858
 []


Package xcolor Warning: Incompatible color definition on input line 1858.

[23]

Package xcolor Warning: Incompatible color definition on input line 1858.


Package xcolor Warning: Incompatible color definition on input line 1858.


Underfull \vbox (badness 10000) detected at line 1858
 []


Underfull \vbox (badness 10000) detected at line 1858
 []


Package xcolor Warning: Incompatible color definition on input line 1858.

[24]

Package xcolor Warning: Incompatible color definition on input line 1858.


Package xcolor Warning: Incompatible color definition on input line 1858.


Underfull \vbox (badness 10000) detected at line 1858
 []


Underfull \vbox (badness 10000) detected at line 1858
 []


Package xcolor Warning: Incompatible color definition on input line 1858.

[25]

Package xcolor Warning: Incompatible color definition on input line 1858.


Package xcolor Warning: Incompatible color definition on input line 1858.


Underfull \vbox (badness 10000) detected at line 1858
 []


Underfull \vbox (badness 10000) detected at line 1858
 []


Package xcolor Warning: Incompatible color definition on input line 1858.

[26]

Package xcolor Warning: Incompatible color definition on input line 1858.


Package xcolor Warning: Incompatible color definition on input line 1858.


Underfull \vbox (badness 10000) detected at line 1858
 []


Underfull \vbox (badness 10000) detected at line 1858
 []


Package xcolor Warning: Incompatible color definition on input line 1858.

[27]

Package xcolor Warning: Incompatible color definition on input line 1858.


Package xcolor Warning: Incompatible color definition on input line 1858.


Underfull \vbox (badness 10000) detected at line 1858
 []


Underfull \vbox (badness 10000) detected at line 1858
 []


Package xcolor Warning: Incompatible color definition on input line 1858.

[28]

Package xcolor Warning: Incompatible color definition on input line 1858.


Package xcolor Warning: Incompatible color definition on input line 1858.


Underfull \vbox (badness 10000) detected at line 1858
 []


Underfull \vbox (badness 10000) detected at line 1858
 []


Package xcolor Warning: Incompatible color definition on input line 1858.

[29]

Package xcolor Warning: Incompatible color definition on input line 1858.


Package xcolor Warning: Incompatible color definition on input line 1858.


Underfull \vbox (badness 10000) detected at line 1858
 []


Underfull \vbox (badness 10000) detected at line 1858
 []


Package xcolor Warning: Incompatible color definition on input line 1858.

[30]

Package xcolor Warning: Incompatible color definition on input line 1858.


Package xcolor Warning: Incompatible color definition on input line 1858.


Overfull \vbox (1.67pt too high) detected at line 1858
 []


Package xcolor Warning: Incompatible color definition on input line 1858.

[31]

Package xcolor Warning: Incompatible color definition on input line 1858.


Package xcolor Warning: Incompatible color definition on input line 1858.


Underfull \vbox (badness 10000) detected at line 1858
 []


Underfull \vbox (badness 10000) detected at line 1858
 []


Package xcolor Warning: Incompatible color definition on input line 1858.

[32]

Package xcolor Warning: Incompatible color definition on input line 1858.


Package xcolor Warning: Incompatible color definition on input line 1858.


Underfull \vbox (badness 10000) detected at line 1858
 []


Underfull \vbox (badness 10000) detected at line 1858
 []


Package xcolor Warning: Incompatible color definition on input line 1858.

[33]

Package xcolor Warning: Incompatible color definition on input line 1858.


Package xcolor Warning: Incompatible color definition on input line 1858.

[34] (cookbook.aux)

LaTeX Warning: There were undefined references.


LaTeX Warning: There were multiply-defined labels.

Package rerunfilecheck Info: File `cookbook.out' has not changed.
(rerunfilecheck)             Checksum: 0FE4C70B2F3FF9AEE5978E6F4635B419;2566.
 ) 
Here is how much of TeX's memory you used:
 22597 strings out of 476406
 433334 string characters out of 2789567
 1919787 words of memory out of 3000000
 42299 multiletter control sequences out of 15000+600000
 574771 words of font info for 134 fonts, out of 8000000 for 9000
 1141 hyphenation exceptions out of 8191
 72i,17n,77p,1007b,1011s stack positions out of 10000i,1000n,20000p,200000b,80000s
{C:/Users/Marty/AppData/Local/Programs/MiKTeX/fonts/enc/dvips/lm/lm-ec.enc}{C
:/Users/Marty/AppData/Local/Programs/MiKTeX/fonts/enc/dvips/lm/lm-ts1.enc}{C:/U
sers/Marty/AppData/Local/Programs/MiKTeX/fonts/enc/dvips/lm/lm-mathsy.enc}{C:/U
sers/Marty/AppData/Local/Programs/MiKTeX/fonts/enc/dvips/lm/lm-rm.enc}{C:/Users
/Marty/AppData/Local/Programs/MiKTeX/fonts/enc/dvips/lm/lm-mathit.enc}<C:/Users
/Marty/AppData/Local/Programs/MiKTeX/fonts/type1/public/lm/lmbx10.pfb><C:/Users
/Marty/AppData/Local/Programs/MiKTeX/fonts/type1/public/lm/lmbx7.pfb><C:/Users/
Marty/AppData/Local/Programs/MiKTeX/fonts/type1/public/lm/lmmi10.pfb><C:/Users/
Marty/AppData/Local/Programs/MiKTeX/fonts/type1/public/lm/lmmi7.pfb><C:/Users/M
arty/AppData/Local/Programs/MiKTeX/fonts/type1/public/lm/lmr10.pfb><C:/Users/Ma
rty/AppData/Local/Programs/MiKTeX/fonts/type1/public/lm/lmr12.pfb><C:/Users/Mar
ty/AppData/Local/Programs/MiKTeX/fonts/type1/public/lm/lmr7.pfb><C:/Users/Marty
/AppData/Local/Programs/MiKTeX/fonts/type1/public/lm/lmr8.pfb><C:/Users/Marty/A
ppData/Local/Programs/MiKTeX/fonts/type1/public/lm/lmri10.pfb><C:/Users/Marty/A
ppData/Local/Programs/MiKTeX/fonts/type1/public/lm/lmri7.pfb><C:/Users/Marty/Ap
pData/Local/Programs/MiKTeX/fonts/type1/public/lm/lmri8.pfb><C:/Users/Marty/App
Data/Local/Programs/MiKTeX/fonts/type1/public/lm/lmsy10.pfb><C:/Users/Marty/App
Data/Local/Programs/MiKTeX/fonts/type1/public/lm/lmsy6.pfb><C:/Users/Marty/AppD
ata/Local/Programs/MiKTeX/fonts/type1/public/lm/lmtk10.pfb><C:/Users/Marty/AppD
ata/Local/Programs/MiKTeX/fonts/type1/public/lm/lmtko10.pfb><C:/Users/Marty/App
Data/Local/Programs/MiKTeX/fonts/type1/public/lm/lmtt10.pfb><C:/Users/Marty/App
Data/Local/Programs/MiKTeX/fonts/type1/public/lm/lmtti10.pfb>
Output written on cookbook.pdf (34 pages, 964296 bytes).
PDF statistics:
 503 PDF objects out of 1000 (max. 8388607)
 121 named destinations out of 1000 (max. 500000)
 36068 words of extra memory for PDF output out of 42996 (max. 10000000)

